2026/01/20 09:52:32 [notice] 1#1: using the "epoll" event method
2026/01/20 09:52:32 [notice] 1#1: nginx/1.29.4
2026/01/20 09:52:32 [notice] 1#1: built by gcc 15.2.0 (Alpine 15.2.0) 
2026/01/20 09:52:32 [notice] 1#1: OS: Linux 6.17.0-5-generic
2026/01/20 09:52:32 [notice] 1#1: getrlimit(RLIMIT_NOFILE): 1073741816:1073741816
2026/01/20 09:52:32 [notice] 1#1: start worker processes
2026/01/20 09:52:32 [notice] 1#1: start worker process 30
2026/01/20 09:52:32 [notice] 1#1: start worker process 31
2026/01/20 09:52:32 [notice] 1#1: start worker process 32
2026/01/20 09:52:32 [notice] 1#1: start worker process 33
2026/01/20 10:06:31 [notice] 1#1: signal 3 (SIGQUIT) received, shutting down
2026/01/20 10:06:31 [notice] 31#31: gracefully shutting down
2026/01/20 10:06:31 [notice] 30#30: gracefully shutting down
2026/01/20 10:06:31 [notice] 31#31: exiting
2026/01/20 10:06:31 [notice] 30#30: exiting
2026/01/20 10:06:31 [notice] 30#30: exit
2026/01/20 10:06:31 [notice] 31#31: exit
2026/01/20 10:06:31 [notice] 32#32: gracefully shutting down
2026/01/20 10:06:31 [notice] 32#32: exiting
2026/01/20 10:06:31 [notice] 32#32: exit
2026/01/20 10:06:31 [notice] 33#33: gracefully shutting down
2026/01/20 10:06:31 [notice] 33#33: exiting
2026/01/20 10:06:31 [notice] 33#33: exit
2026/01/20 10:06:31 [notice] 1#1: signal 17 (SIGCHLD) received from 30
2026/01/20 10:06:31 [notice] 1#1: worker process 30 exited with code 0
2026/01/20 10:06:31 [notice] 1#1: worker process 31 exited with code 0
2026/01/20 10:06:31 [notice] 1#1: signal 29 (SIGIO) received
2026/01/20 10:06:31 [notice] 1#1: signal 17 (SIGCHLD) received from 31
2026/01/20 10:06:31 [notice] 1#1: signal 17 (SIGCHLD) received from 33
2026/01/20 10:06:31 [notice] 1#1: worker process 32 exited with code 0
2026/01/20 10:06:31 [notice] 1#1: worker process 33 exited with code 0
2026/01/20 10:06:31 [notice] 1#1: exit
